<?xml version="1.0" encoding="UTF-8"?>
<testng-results ignored="0" total="4" passed="4" failed="0" skipped="0">
  <reporter-output>
  </reporter-output>
  <suite started-at="2022-12-08T15:08:45 IST" name="Suite" finished-at="2022-12-08T15:12:14 IST" duration-ms="209003">
    <groups>
    </groups>
    <test started-at="2022-12-08T15:08:45 IST" name="Test1" finished-at="2022-12-08T15:09:25 IST" duration-ms="40242">
      <class name="com.qa.testscripts.Testcase002">
        <test-method is-config="true" signature="Setup(java.lang.String,java.lang.String)[pri:0, instance:com.qa.testscripts.Testcase002@635eaaf1]" started-at="2022-12-08T15:08:45 IST" name="Setup" finished-at="2022-12-08T15:08:58 IST" duration-ms="13059" status="PASS">
          <params>
            <param index="0">
              <value>
                <![CDATA[chrome]]>
              </value>
            </param>
            <param index="1">
              <value>
                <![CDATA[https://www.w3schools.com]]>
              </value>
            </param>
          </params>
          <reporter-output>
          </reporter-output>
        </test-method> <!-- Setup -->
        <test-method signature="Search(java.lang.String,java.lang.String)[pri:0, instance:com.qa.testscripts.Testcase002@635eaaf1]" started-at="2022-12-08T15:08:58 IST" name="Search" finished-at="2022-12-08T15:09:24 IST" duration-ms="26012" status="PASS">
          <params>
            <param index="0">
              <value>
                <![CDATA[chrome]]>
              </value>
            </param>
            <param index="1">
              <value>
                <![CDATA[https://www.w3schools.com]]>
              </value>
            </param>
          </params>
          <reporter-output>
          </reporter-output>
        </test-method> <!-- Search -->
        <test-method is-config="true" signature="teadown()[pri:0, instance:com.qa.testscripts.Testcase002@635eaaf1]" started-at="2022-12-08T15:09:24 IST" name="teadown" finished-at="2022-12-08T15:09:25 IST" duration-ms="1022" status="PASS">
          <reporter-output>
          </reporter-output>
        </test-method> <!-- teadown -->
      </class> <!-- com.qa.testscripts.Testcase002 -->
    </test> <!-- Test1 -->
    <test started-at="2022-12-08T15:09:25 IST" name="Test2" finished-at="2022-12-08T15:10:17 IST" duration-ms="52152">
      <class name="com.qa.testscripts.Testcase001">
        <test-method is-config="true" signature="Setup(java.lang.String,java.lang.String)[pri:0, instance:com.qa.testscripts.Testcase001@1afd44cb]" started-at="2022-12-08T15:09:25 IST" name="Setup" finished-at="2022-12-08T15:09:38 IST" duration-ms="12638" status="PASS">
          <params>
            <param index="0">
              <value>
                <![CDATA[chrome]]>
              </value>
            </param>
            <param index="1">
              <value>
                <![CDATA[https://www.w3schools.com]]>
              </value>
            </param>
          </params>
          <reporter-output>
          </reporter-output>
        </test-method> <!-- Setup -->
        <test-method signature="Search(java.lang.String,java.lang.String)[pri:0, instance:com.qa.testscripts.Testcase001@1afd44cb]" started-at="2022-12-08T15:09:38 IST" name="Search" finished-at="2022-12-08T15:10:16 IST" duration-ms="38290" status="PASS">
          <params>
            <param index="0">
              <value>
                <![CDATA[chrome]]>
              </value>
            </param>
            <param index="1">
              <value>
                <![CDATA[https://www.w3schools.com]]>
              </value>
            </param>
          </params>
          <reporter-output>
          </reporter-output>
        </test-method> <!-- Search -->
        <test-method is-config="true" signature="teadown()[pri:0, instance:com.qa.testscripts.Testcase001@1afd44cb]" started-at="2022-12-08T15:10:16 IST" name="teadown" finished-at="2022-12-08T15:10:17 IST" duration-ms="1148" status="PASS">
          <reporter-output>
          </reporter-output>
        </test-method> <!-- teadown -->
      </class> <!-- com.qa.testscripts.Testcase001 -->
    </test> <!-- Test2 -->
    <test started-at="2022-12-08T15:10:17 IST" name="Test3" finished-at="2022-12-08T15:11:09 IST" duration-ms="51173">
      <class name="com.qa.testscripts.Testcase001">
        <test-method is-config="true" signature="Setup(java.lang.String,java.lang.String)[pri:0, instance:com.qa.testscripts.Testcase001@479d31f3]" started-at="2022-12-08T15:10:17 IST" name="Setup" finished-at="2022-12-08T15:10:59 IST" duration-ms="41442" status="PASS">
          <params>
            <param index="0">
              <value>
                <![CDATA[firefox]]>
              </value>
            </param>
            <param index="1">
              <value>
                <![CDATA[https://www.w3schools.com]]>
              </value>
            </param>
          </params>
          <reporter-output>
          </reporter-output>
        </test-method> <!-- Setup -->
        <test-method signature="Search(java.lang.String,java.lang.String)[pri:0, instance:com.qa.testscripts.Testcase001@479d31f3]" started-at="2022-12-08T15:10:59 IST" name="Search" finished-at="2022-12-08T15:11:04 IST" duration-ms="4854" status="PASS">
          <params>
            <param index="0">
              <value>
                <![CDATA[firefox]]>
              </value>
            </param>
            <param index="1">
              <value>
                <![CDATA[https://www.w3schools.com]]>
              </value>
            </param>
          </params>
          <reporter-output>
          </reporter-output>
        </test-method> <!-- Search -->
        <test-method is-config="true" signature="teadown()[pri:0, instance:com.qa.testscripts.Testcase001@479d31f3]" started-at="2022-12-08T15:11:04 IST" name="teadown" finished-at="2022-12-08T15:11:08 IST" duration-ms="4838" status="PASS">
          <reporter-output>
          </reporter-output>
        </test-method> <!-- teadown -->
      </class> <!-- com.qa.testscripts.Testcase001 -->
    </test> <!-- Test3 -->
    <test started-at="2022-12-08T15:11:09 IST" name="Test4" finished-at="2022-12-08T15:12:14 IST" duration-ms="65130">
      <class name="com.qa.testscripts.Testcase002">
        <test-method is-config="true" signature="Setup(java.lang.String,java.lang.String)[pri:0, instance:com.qa.testscripts.Testcase002@795cd85e]" started-at="2022-12-08T15:11:09 IST" name="Setup" finished-at="2022-12-08T15:11:33 IST" duration-ms="23992" status="PASS">
          <params>
            <param index="0">
              <value>
                <![CDATA[firefox]]>
              </value>
            </param>
            <param index="1">
              <value>
                <![CDATA[https://www.w3schools.com]]>
              </value>
            </param>
          </params>
          <reporter-output>
          </reporter-output>
        </test-method> <!-- Setup -->
        <test-method signature="Search(java.lang.String,java.lang.String)[pri:0, instance:com.qa.testscripts.Testcase002@795cd85e]" started-at="2022-12-08T15:11:33 IST" name="Search" finished-at="2022-12-08T15:12:08 IST" duration-ms="35067" status="PASS">
          <params>
            <param index="0">
              <value>
                <![CDATA[firefox]]>
              </value>
            </param>
            <param index="1">
              <value>
                <![CDATA[https://www.w3schools.com]]>
              </value>
            </param>
          </params>
          <reporter-output>
          </reporter-output>
        </test-method> <!-- Search -->
        <test-method is-config="true" signature="teadown()[pri:0, instance:com.qa.testscripts.Testcase002@795cd85e]" started-at="2022-12-08T15:12:08 IST" name="teadown" finished-at="2022-12-08T15:12:14 IST" duration-ms="6050" status="PASS">
          <reporter-output>
          </reporter-output>
        </test-method> <!-- teadown -->
      </class> <!-- com.qa.testscripts.Testcase002 -->
    </test> <!-- Test4 -->
  </suite> <!-- Suite -->
</testng-results>
